2017-01-17 11:40:18,548 [Worker-7] INFO  o.e.m.c.i.p.ProjectConfigurationManager - Collecting project info '/pom.xml' /Users/pavithra/docspot/Eval/pom.xml
2017-01-17 11:40:25,154 [Worker-7] INFO  o.e.m.c.i.l.LifecycleMappingFactory - Using org.eclipse.m2e.jdt.JarLifecycleMapping lifecycle mapping for MavenProject: com.docspot:Eval:0.0.1-SNAPSHOT @ /Users/pavithra/docspot/Eval/pom.xml.
2017-01-17 11:40:27,436 [Worker-7] INFO  o.e.m.j.i.AbstractJavaProjectConfigurator - Adding source folder /Eval/src/main/java
2017-01-17 11:40:27,438 [Worker-7] INFO  o.e.m.j.i.AbstractJavaProjectConfigurator - Adding source folder /Eval/src/test/java
2017-01-17 11:40:32,405 [Worker-7] INFO  o.e.m.c.i.p.ProjectConfigurationManager - Imported and configured 1 project(s) in 13 sec
2017-01-17 11:40:34,727 [Worker-19] INFO  o.e.m.c.i.embedder.EclipseLogger - Using 'UTF-8' encoding to copy filtered resources.
2017-01-17 11:40:34,728 [Worker-19] INFO  o.e.m.c.i.embedder.EclipseLogger - skip non existing resourceDirectory /Users/pavithra/docspot/Eval/src/main/resources
2017-01-17 11:40:34,730 [Worker-19] INFO  o.e.m.c.i.embedder.EclipseLogger - Using 'UTF-8' encoding to copy filtered resources.
2017-01-17 11:40:34,730 [Worker-19] INFO  o.e.m.c.i.embedder.EclipseLogger - skip non existing resourceDirectory /Users/pavithra/docspot/Eval/src/test/resources
2017-01-17 11:41:34,907 [Worker-19] INFO  o.e.m.c.i.embedder.EclipseLogger - Using 'UTF-8' encoding to copy filtered resources.
2017-01-17 11:41:34,908 [Worker-19] INFO  o.e.m.c.i.embedder.EclipseLogger - skip non existing resourceDirectory /Users/pavithra/docspot/Eval/src/main/resources
2017-01-17 11:41:34,909 [Worker-19] INFO  o.e.m.c.i.embedder.EclipseLogger - Using 'UTF-8' encoding to copy filtered resources.
2017-01-17 11:41:34,910 [Worker-19] INFO  o.e.m.c.i.embedder.EclipseLogger - skip non existing resourceDirectory /Users/pavithra/docspot/Eval/src/test/resources
2017-01-17 11:42:17,952 [Worker-21] INFO  o.e.m.c.i.embedder.EclipseLogger - Using 'UTF-8' encoding to copy filtered resources.
2017-01-17 11:42:17,974 [Worker-21] INFO  o.e.m.c.i.embedder.EclipseLogger - skip non existing resourceDirectory /Users/pavithra/docspot/Eval/src/main/resources
2017-01-17 11:42:17,976 [Worker-21] INFO  o.e.m.c.i.embedder.EclipseLogger - Using 'UTF-8' encoding to copy filtered resources.
2017-01-17 11:42:17,977 [Worker-21] INFO  o.e.m.c.i.embedder.EclipseLogger - skip non existing resourceDirectory /Users/pavithra/docspot/Eval/src/test/resources
2017-01-17 11:42:38,588 [Worker-21] INFO  o.e.m.c.i.embedder.EclipseLogger - Using 'UTF-8' encoding to copy filtered resources.
2017-01-17 11:42:38,588 [Worker-21] INFO  o.e.m.c.i.embedder.EclipseLogger - skip non existing resourceDirectory /Users/pavithra/docspot/Eval/src/main/resources
2017-01-17 11:42:38,589 [Worker-21] INFO  o.e.m.c.i.embedder.EclipseLogger - Using 'UTF-8' encoding to copy filtered resources.
2017-01-17 11:42:38,589 [Worker-21] INFO  o.e.m.c.i.embedder.EclipseLogger - skip non existing resourceDirectory /Users/pavithra/docspot/Eval/src/test/resources
2017-01-17 12:20:23,489 [Worker-29] INFO  o.e.m.c.i.embedder.EclipseLogger - Using 'UTF-8' encoding to copy filtered resources.
2017-01-17 12:20:23,513 [Worker-29] INFO  o.e.m.c.i.embedder.EclipseLogger - skip non existing resourceDirectory /Users/pavithra/docspot/Eval/src/main/resources
2017-01-17 12:20:23,516 [Worker-29] INFO  o.e.m.c.i.embedder.EclipseLogger - Using 'UTF-8' encoding to copy filtered resources.
2017-01-17 12:20:23,516 [Worker-29] INFO  o.e.m.c.i.embedder.EclipseLogger - skip non existing resourceDirectory /Users/pavithra/docspot/Eval/src/test/resources
2017-01-17 12:31:37,109 [Worker-39] INFO  o.e.m.c.i.embedder.EclipseLogger - Using 'UTF-8' encoding to copy filtered resources.
2017-01-17 12:31:37,132 [Worker-39] INFO  o.e.m.c.i.embedder.EclipseLogger - skip non existing resourceDirectory /Users/pavithra/docspot/Eval/src/main/resources
2017-01-17 12:31:37,134 [Worker-39] INFO  o.e.m.c.i.embedder.EclipseLogger - Using 'UTF-8' encoding to copy filtered resources.
2017-01-17 12:31:37,134 [Worker-39] INFO  o.e.m.c.i.embedder.EclipseLogger - skip non existing resourceDirectory /Users/pavithra/docspot/Eval/src/test/resources
2017-01-17 12:32:06,606 [Worker-42] INFO  o.e.m.c.i.embedder.EclipseLogger - Using 'UTF-8' encoding to copy filtered resources.
2017-01-17 12:32:06,607 [Worker-42] INFO  o.e.m.c.i.embedder.EclipseLogger - skip non existing resourceDirectory /Users/pavithra/docspot/Eval/src/main/resources
2017-01-17 12:32:06,608 [Worker-42] INFO  o.e.m.c.i.embedder.EclipseLogger - Using 'UTF-8' encoding to copy filtered resources.
2017-01-17 12:32:06,608 [Worker-42] INFO  o.e.m.c.i.embedder.EclipseLogger - skip non existing resourceDirectory /Users/pavithra/docspot/Eval/src/test/resources
2017-01-17 12:32:30,124 [Worker-37] INFO  o.e.m.c.i.embedder.EclipseLogger - Using 'UTF-8' encoding to copy filtered resources.
2017-01-17 12:32:30,124 [Worker-37] INFO  o.e.m.c.i.embedder.EclipseLogger - skip non existing resourceDirectory /Users/pavithra/docspot/Eval/src/main/resources
2017-01-17 12:32:30,126 [Worker-37] INFO  o.e.m.c.i.embedder.EclipseLogger - Using 'UTF-8' encoding to copy filtered resources.
2017-01-17 12:32:30,126 [Worker-37] INFO  o.e.m.c.i.embedder.EclipseLogger - skip non existing resourceDirectory /Users/pavithra/docspot/Eval/src/test/resources
2017-01-17 12:32:43,678 [Worker-35] INFO  o.e.m.c.i.embedder.EclipseLogger - Using 'UTF-8' encoding to copy filtered resources.
2017-01-17 12:32:43,678 [Worker-35] INFO  o.e.m.c.i.embedder.EclipseLogger - skip non existing resourceDirectory /Users/pavithra/docspot/Eval/src/main/resources
2017-01-17 12:32:43,679 [Worker-35] INFO  o.e.m.c.i.embedder.EclipseLogger - Using 'UTF-8' encoding to copy filtered resources.
2017-01-17 12:32:43,679 [Worker-35] INFO  o.e.m.c.i.embedder.EclipseLogger - skip non existing resourceDirectory /Users/pavithra/docspot/Eval/src/test/resources
2017-01-17 12:32:54,197 [Worker-41] INFO  o.e.m.c.i.embedder.EclipseLogger - Using 'UTF-8' encoding to copy filtered resources.
2017-01-17 12:32:54,197 [Worker-41] INFO  o.e.m.c.i.embedder.EclipseLogger - skip non existing resourceDirectory /Users/pavithra/docspot/Eval/src/main/resources
2017-01-17 12:32:54,198 [Worker-41] INFO  o.e.m.c.i.embedder.EclipseLogger - Using 'UTF-8' encoding to copy filtered resources.
2017-01-17 12:32:54,199 [Worker-41] INFO  o.e.m.c.i.embedder.EclipseLogger - skip non existing resourceDirectory /Users/pavithra/docspot/Eval/src/test/resources
2017-01-17 14:47:40,640 [Worker-3] INFO  o.e.m.c.i.embedder.EclipseLogger - Using 'UTF-8' encoding to copy filtered resources.
2017-01-17 14:47:40,649 [Worker-3] INFO  o.e.m.c.i.embedder.EclipseLogger - skip non existing resourceDirectory /Users/pavithra/docspot/Eval/src/main/resources
2017-01-17 14:47:40,651 [Worker-3] INFO  o.e.m.c.i.embedder.EclipseLogger - Using 'UTF-8' encoding to copy filtered resources.
2017-01-17 14:47:40,651 [Worker-3] INFO  o.e.m.c.i.embedder.EclipseLogger - skip non existing resourceDirectory /Users/pavithra/docspot/Eval/src/test/resources
2017-01-17 14:48:15,675 [Worker-3] INFO  o.e.m.c.i.embedder.EclipseLogger - Using 'UTF-8' encoding to copy filtered resources.
2017-01-17 14:48:15,694 [Worker-3] INFO  o.e.m.c.i.embedder.EclipseLogger - skip non existing resourceDirectory /Users/pavithra/docspot/Eval/src/main/resources
2017-01-17 14:48:15,697 [Worker-3] INFO  o.e.m.c.i.embedder.EclipseLogger - Using 'UTF-8' encoding to copy filtered resources.
2017-01-17 14:48:15,697 [Worker-3] INFO  o.e.m.c.i.embedder.EclipseLogger - skip non existing resourceDirectory /Users/pavithra/docspot/Eval/src/test/resources
2017-01-17 14:50:15,318 [Worker-3] INFO  o.e.m.c.i.embedder.EclipseLogger - Using 'UTF-8' encoding to copy filtered resources.
2017-01-17 14:50:15,318 [Worker-3] INFO  o.e.m.c.i.embedder.EclipseLogger - skip non existing resourceDirectory /Users/pavithra/docspot/Eval/src/main/resources
2017-01-17 14:50:15,320 [Worker-3] INFO  o.e.m.c.i.embedder.EclipseLogger - Using 'UTF-8' encoding to copy filtered resources.
2017-01-17 14:50:15,320 [Worker-3] INFO  o.e.m.c.i.embedder.EclipseLogger - skip non existing resourceDirectory /Users/pavithra/docspot/Eval/src/test/resources
2017-01-17 16:31:14,812 [Worker-49] INFO  o.e.m.c.i.embedder.EclipseLogger - Using 'UTF-8' encoding to copy filtered resources.
2017-01-17 16:31:14,833 [Worker-49] INFO  o.e.m.c.i.embedder.EclipseLogger - skip non existing resourceDirectory /Users/pavithra/docspot/Eval/src/main/resources
2017-01-17 16:31:14,835 [Worker-49] INFO  o.e.m.c.i.embedder.EclipseLogger - Using 'UTF-8' encoding to copy filtered resources.
2017-01-17 16:31:14,836 [Worker-49] INFO  o.e.m.c.i.embedder.EclipseLogger - skip non existing resourceDirectory /Users/pavithra/docspot/Eval/src/test/resources
2017-01-17 16:31:32,048 [Worker-55] INFO  o.e.m.c.i.embedder.EclipseLogger - Using 'UTF-8' encoding to copy filtered resources.
2017-01-17 16:31:32,049 [Worker-55] INFO  o.e.m.c.i.embedder.EclipseLogger - skip non existing resourceDirectory /Users/pavithra/docspot/Eval/src/main/resources
2017-01-17 16:31:32,050 [Worker-55] INFO  o.e.m.c.i.embedder.EclipseLogger - Using 'UTF-8' encoding to copy filtered resources.
2017-01-17 16:31:32,051 [Worker-55] INFO  o.e.m.c.i.embedder.EclipseLogger - skip non existing resourceDirectory /Users/pavithra/docspot/Eval/src/test/resources
2017-01-17 16:31:45,596 [Worker-56] INFO  o.e.m.c.i.embedder.EclipseLogger - Using 'UTF-8' encoding to copy filtered resources.
2017-01-17 16:31:45,596 [Worker-56] INFO  o.e.m.c.i.embedder.EclipseLogger - skip non existing resourceDirectory /Users/pavithra/docspot/Eval/src/main/resources
2017-01-17 16:31:45,598 [Worker-56] INFO  o.e.m.c.i.embedder.EclipseLogger - Using 'UTF-8' encoding to copy filtered resources.
2017-01-17 16:31:45,599 [Worker-56] INFO  o.e.m.c.i.embedder.EclipseLogger - skip non existing resourceDirectory /Users/pavithra/docspot/Eval/src/test/resources
2017-01-17 16:32:20,717 [Worker-51] INFO  o.e.m.c.i.embedder.EclipseLogger - Using 'UTF-8' encoding to copy filtered resources.
2017-01-17 16:32:20,717 [Worker-51] INFO  o.e.m.c.i.embedder.EclipseLogger - skip non existing resourceDirectory /Users/pavithra/docspot/Eval/src/main/resources
2017-01-17 16:32:20,719 [Worker-51] INFO  o.e.m.c.i.embedder.EclipseLogger - Using 'UTF-8' encoding to copy filtered resources.
2017-01-17 16:32:20,719 [Worker-51] INFO  o.e.m.c.i.embedder.EclipseLogger - skip non existing resourceDirectory /Users/pavithra/docspot/Eval/src/test/resources
2017-01-17 16:32:26,206 [Worker-51] INFO  o.e.m.c.i.embedder.EclipseLogger - Using 'UTF-8' encoding to copy filtered resources.
2017-01-17 16:32:26,206 [Worker-51] INFO  o.e.m.c.i.embedder.EclipseLogger - skip non existing resourceDirectory /Users/pavithra/docspot/Eval/src/main/resources
2017-01-17 16:32:26,208 [Worker-51] INFO  o.e.m.c.i.embedder.EclipseLogger - Using 'UTF-8' encoding to copy filtered resources.
2017-01-17 16:32:26,208 [Worker-51] INFO  o.e.m.c.i.embedder.EclipseLogger - skip non existing resourceDirectory /Users/pavithra/docspot/Eval/src/test/resources
2017-01-17 16:37:53,772 [Worker-53] INFO  o.e.m.c.i.embedder.EclipseLogger - Using 'UTF-8' encoding to copy filtered resources.
2017-01-17 16:37:53,772 [Worker-53] INFO  o.e.m.c.i.embedder.EclipseLogger - skip non existing resourceDirectory /Users/pavithra/docspot/Eval/src/main/resources
2017-01-17 16:37:53,774 [Worker-53] INFO  o.e.m.c.i.embedder.EclipseLogger - Using 'UTF-8' encoding to copy filtered resources.
2017-01-17 16:37:53,774 [Worker-53] INFO  o.e.m.c.i.embedder.EclipseLogger - skip non existing resourceDirectory /Users/pavithra/docspot/Eval/src/test/resources
2017-01-17 16:38:15,018 [Worker-56] INFO  o.e.m.c.i.embedder.EclipseLogger - Using 'UTF-8' encoding to copy filtered resources.
2017-01-17 16:38:15,019 [Worker-56] INFO  o.e.m.c.i.embedder.EclipseLogger - skip non existing resourceDirectory /Users/pavithra/docspot/Eval/src/main/resources
2017-01-17 16:38:15,020 [Worker-56] INFO  o.e.m.c.i.embedder.EclipseLogger - Using 'UTF-8' encoding to copy filtered resources.
2017-01-17 16:38:15,021 [Worker-56] INFO  o.e.m.c.i.embedder.EclipseLogger - skip non existing resourceDirectory /Users/pavithra/docspot/Eval/src/test/resources
2017-01-17 16:38:38,289 [Worker-58] INFO  o.e.m.c.i.embedder.EclipseLogger - Using 'UTF-8' encoding to copy filtered resources.
2017-01-17 16:38:38,289 [Worker-58] INFO  o.e.m.c.i.embedder.EclipseLogger - skip non existing resourceDirectory /Users/pavithra/docspot/Eval/src/main/resources
2017-01-17 16:38:38,292 [Worker-58] INFO  o.e.m.c.i.embedder.EclipseLogger - Using 'UTF-8' encoding to copy filtered resources.
2017-01-17 16:38:38,293 [Worker-58] INFO  o.e.m.c.i.embedder.EclipseLogger - skip non existing resourceDirectory /Users/pavithra/docspot/Eval/src/test/resources
2017-01-17 16:40:55,168 [Worker-58] INFO  o.e.m.c.i.embedder.EclipseLogger - Using 'UTF-8' encoding to copy filtered resources.
2017-01-17 16:40:55,168 [Worker-58] INFO  o.e.m.c.i.embedder.EclipseLogger - skip non existing resourceDirectory /Users/pavithra/docspot/Eval/src/main/resources
2017-01-17 16:40:55,169 [Worker-58] INFO  o.e.m.c.i.embedder.EclipseLogger - Using 'UTF-8' encoding to copy filtered resources.
2017-01-17 16:40:55,170 [Worker-58] INFO  o.e.m.c.i.embedder.EclipseLogger - skip non existing resourceDirectory /Users/pavithra/docspot/Eval/src/test/resources
2017-01-17 19:12:09,235 [Worker-84] INFO  o.e.m.c.i.embedder.EclipseLogger - Using 'UTF-8' encoding to copy filtered resources.
2017-01-17 19:12:09,241 [Worker-84] INFO  o.e.m.c.i.embedder.EclipseLogger - skip non existing resourceDirectory /Users/pavithra/docspot/Eval/src/main/resources
2017-01-17 19:12:09,243 [Worker-84] INFO  o.e.m.c.i.embedder.EclipseLogger - Using 'UTF-8' encoding to copy filtered resources.
2017-01-17 19:12:09,243 [Worker-84] INFO  o.e.m.c.i.embedder.EclipseLogger - skip non existing resourceDirectory /Users/pavithra/docspot/Eval/src/test/resources
2017-01-17 19:12:34,983 [Worker-89] INFO  o.e.m.c.i.embedder.EclipseLogger - Using 'UTF-8' encoding to copy filtered resources.
2017-01-17 19:12:34,983 [Worker-89] INFO  o.e.m.c.i.embedder.EclipseLogger - skip non existing resourceDirectory /Users/pavithra/docspot/Eval/src/main/resources
2017-01-17 19:12:34,984 [Worker-89] INFO  o.e.m.c.i.embedder.EclipseLogger - Using 'UTF-8' encoding to copy filtered resources.
2017-01-17 19:12:34,984 [Worker-89] INFO  o.e.m.c.i.embedder.EclipseLogger - skip non existing resourceDirectory /Users/pavithra/docspot/Eval/src/test/resources
2017-01-17 19:13:34,410 [Worker-84] INFO  o.e.m.c.i.embedder.EclipseLogger - Using 'UTF-8' encoding to copy filtered resources.
2017-01-17 19:13:34,410 [Worker-84] INFO  o.e.m.c.i.embedder.EclipseLogger - skip non existing resourceDirectory /Users/pavithra/docspot/Eval/src/main/resources
2017-01-17 19:13:34,412 [Worker-84] INFO  o.e.m.c.i.embedder.EclipseLogger - Using 'UTF-8' encoding to copy filtered resources.
2017-01-17 19:13:34,412 [Worker-84] INFO  o.e.m.c.i.embedder.EclipseLogger - skip non existing resourceDirectory /Users/pavithra/docspot/Eval/src/test/resources
2017-01-17 19:14:19,118 [Worker-88] INFO  o.e.m.c.i.embedder.EclipseLogger - Using 'UTF-8' encoding to copy filtered resources.
2017-01-17 19:14:19,119 [Worker-88] INFO  o.e.m.c.i.embedder.EclipseLogger - skip non existing resourceDirectory /Users/pavithra/docspot/Eval/src/main/resources
2017-01-17 19:14:19,120 [Worker-88] INFO  o.e.m.c.i.embedder.EclipseLogger - Using 'UTF-8' encoding to copy filtered resources.
2017-01-17 19:14:19,121 [Worker-88] INFO  o.e.m.c.i.embedder.EclipseLogger - skip non existing resourceDirectory /Users/pavithra/docspot/Eval/src/test/resources
2017-01-17 19:16:11,942 [Worker-84] INFO  o.e.m.c.i.embedder.EclipseLogger - Using 'UTF-8' encoding to copy filtered resources.
2017-01-17 19:16:11,942 [Worker-84] INFO  o.e.m.c.i.embedder.EclipseLogger - skip non existing resourceDirectory /Users/pavithra/docspot/Eval/src/main/resources
2017-01-17 19:16:11,943 [Worker-84] INFO  o.e.m.c.i.embedder.EclipseLogger - Using 'UTF-8' encoding to copy filtered resources.
2017-01-17 19:16:11,944 [Worker-84] INFO  o.e.m.c.i.embedder.EclipseLogger - skip non existing resourceDirectory /Users/pavithra/docspot/Eval/src/test/resources
2017-01-17 19:33:09,323 [Worker-97] INFO  o.e.m.c.i.embedder.EclipseLogger - Using 'UTF-8' encoding to copy filtered resources.
2017-01-17 19:33:09,324 [Worker-97] INFO  o.e.m.c.i.embedder.EclipseLogger - skip non existing resourceDirectory /Users/pavithra/docspot/Eval/src/main/resources
2017-01-17 19:33:09,325 [Worker-97] INFO  o.e.m.c.i.embedder.EclipseLogger - Using 'UTF-8' encoding to copy filtered resources.
2017-01-17 19:33:09,325 [Worker-97] INFO  o.e.m.c.i.embedder.EclipseLogger - skip non existing resourceDirectory /Users/pavithra/docspot/Eval/src/test/resources
2017-01-17 19:34:32,274 [Worker-93] INFO  o.e.m.c.i.embedder.EclipseLogger - Using 'UTF-8' encoding to copy filtered resources.
2017-01-17 19:34:32,274 [Worker-93] INFO  o.e.m.c.i.embedder.EclipseLogger - skip non existing resourceDirectory /Users/pavithra/docspot/Eval/src/main/resources
2017-01-17 19:34:32,276 [Worker-93] INFO  o.e.m.c.i.embedder.EclipseLogger - Using 'UTF-8' encoding to copy filtered resources.
2017-01-17 19:34:32,276 [Worker-93] INFO  o.e.m.c.i.embedder.EclipseLogger - skip non existing resourceDirectory /Users/pavithra/docspot/Eval/src/test/resources
2017-01-17 19:34:46,755 [Worker-94] INFO  o.e.m.c.i.embedder.EclipseLogger - Using 'UTF-8' encoding to copy filtered resources.
2017-01-17 19:34:46,755 [Worker-94] INFO  o.e.m.c.i.embedder.EclipseLogger - skip non existing resourceDirectory /Users/pavithra/docspot/Eval/src/main/resources
2017-01-17 19:34:46,757 [Worker-94] INFO  o.e.m.c.i.embedder.EclipseLogger - Using 'UTF-8' encoding to copy filtered resources.
2017-01-17 19:34:46,757 [Worker-94] INFO  o.e.m.c.i.embedder.EclipseLogger - skip non existing resourceDirectory /Users/pavithra/docspot/Eval/src/test/resources
2017-01-17 19:35:33,682 [Worker-97] INFO  o.e.m.c.i.embedder.EclipseLogger - Using 'UTF-8' encoding to copy filtered resources.
2017-01-17 19:35:33,683 [Worker-97] INFO  o.e.m.c.i.embedder.EclipseLogger - skip non existing resourceDirectory /Users/pavithra/docspot/Eval/src/main/resources
2017-01-17 19:35:33,684 [Worker-97] INFO  o.e.m.c.i.embedder.EclipseLogger - Using 'UTF-8' encoding to copy filtered resources.
2017-01-17 19:35:33,684 [Worker-97] INFO  o.e.m.c.i.embedder.EclipseLogger - skip non existing resourceDirectory /Users/pavithra/docspot/Eval/src/test/resources
2017-01-17 19:37:40,890 [Worker-98] INFO  o.e.m.c.i.embedder.EclipseLogger - Using 'UTF-8' encoding to copy filtered resources.
2017-01-17 19:37:40,890 [Worker-98] INFO  o.e.m.c.i.embedder.EclipseLogger - skip non existing resourceDirectory /Users/pavithra/docspot/Eval/src/main/resources
2017-01-17 19:37:40,892 [Worker-98] INFO  o.e.m.c.i.embedder.EclipseLogger - Using 'UTF-8' encoding to copy filtered resources.
2017-01-17 19:37:40,892 [Worker-98] INFO  o.e.m.c.i.embedder.EclipseLogger - skip non existing resourceDirectory /Users/pavithra/docspot/Eval/src/test/resources
2017-01-17 19:40:37,471 [Worker-99] INFO  o.e.m.c.i.embedder.EclipseLogger - Using 'UTF-8' encoding to copy filtered resources.
2017-01-17 19:40:37,472 [Worker-99] INFO  o.e.m.c.i.embedder.EclipseLogger - skip non existing resourceDirectory /Users/pavithra/docspot/Eval/src/main/resources
2017-01-17 19:40:37,473 [Worker-99] INFO  o.e.m.c.i.embedder.EclipseLogger - Using 'UTF-8' encoding to copy filtered resources.
2017-01-17 19:40:37,473 [Worker-99] INFO  o.e.m.c.i.embedder.EclipseLogger - skip non existing resourceDirectory /Users/pavithra/docspot/Eval/src/test/resources
2017-01-17 19:40:46,173 [Worker-98] INFO  o.e.m.c.i.embedder.EclipseLogger - Using 'UTF-8' encoding to copy filtered resources.
2017-01-17 19:40:46,174 [Worker-98] INFO  o.e.m.c.i.embedder.EclipseLogger - skip non existing resourceDirectory /Users/pavithra/docspot/Eval/src/main/resources
2017-01-17 19:40:46,175 [Worker-98] INFO  o.e.m.c.i.embedder.EclipseLogger - Using 'UTF-8' encoding to copy filtered resources.
2017-01-17 19:40:46,175 [Worker-98] INFO  o.e.m.c.i.embedder.EclipseLogger - skip non existing resourceDirectory /Users/pavithra/docspot/Eval/src/test/resources
2017-01-17 19:40:54,211 [Worker-95] INFO  o.e.m.c.i.embedder.EclipseLogger - Using 'UTF-8' encoding to copy filtered resources.
2017-01-17 19:40:54,211 [Worker-95] INFO  o.e.m.c.i.embedder.EclipseLogger - skip non existing resourceDirectory /Users/pavithra/docspot/Eval/src/main/resources
2017-01-17 19:40:54,214 [Worker-95] INFO  o.e.m.c.i.embedder.EclipseLogger - Using 'UTF-8' encoding to copy filtered resources.
2017-01-17 19:40:54,215 [Worker-95] INFO  o.e.m.c.i.embedder.EclipseLogger - skip non existing resourceDirectory /Users/pavithra/docspot/Eval/src/test/resources
2017-01-17 19:42:01,963 [Worker-97] INFO  o.e.m.c.i.embedder.EclipseLogger - Using 'UTF-8' encoding to copy filtered resources.
2017-01-17 19:42:01,963 [Worker-97] INFO  o.e.m.c.i.embedder.EclipseLogger - skip non existing resourceDirectory /Users/pavithra/docspot/Eval/src/main/resources
2017-01-17 19:42:01,964 [Worker-97] INFO  o.e.m.c.i.embedder.EclipseLogger - Using 'UTF-8' encoding to copy filtered resources.
2017-01-17 19:42:01,965 [Worker-97] INFO  o.e.m.c.i.embedder.EclipseLogger - skip non existing resourceDirectory /Users/pavithra/docspot/Eval/src/test/resources
2017-01-17 19:48:01,177 [Worker-102] INFO  o.e.m.c.i.embedder.EclipseLogger - Using 'UTF-8' encoding to copy filtered resources.
2017-01-17 19:48:01,191 [Worker-102] INFO  o.e.m.c.i.embedder.EclipseLogger - skip non existing resourceDirectory /Users/pavithra/docspot/Eval/src/main/resources
2017-01-17 19:48:01,192 [Worker-102] INFO  o.e.m.c.i.embedder.EclipseLogger - Using 'UTF-8' encoding to copy filtered resources.
2017-01-17 19:48:01,192 [Worker-102] INFO  o.e.m.c.i.embedder.EclipseLogger - skip non existing resourceDirectory /Users/pavithra/docspot/Eval/src/test/resources
2017-01-17 19:48:36,644 [Worker-103] INFO  o.e.m.c.i.embedder.EclipseLogger - Using 'UTF-8' encoding to copy filtered resources.
2017-01-17 19:48:36,645 [Worker-103] INFO  o.e.m.c.i.embedder.EclipseLogger - skip non existing resourceDirectory /Users/pavithra/docspot/Eval/src/main/resources
2017-01-17 19:48:36,646 [Worker-103] INFO  o.e.m.c.i.embedder.EclipseLogger - Using 'UTF-8' encoding to copy filtered resources.
2017-01-17 19:48:36,646 [Worker-103] INFO  o.e.m.c.i.embedder.EclipseLogger - skip non existing resourceDirectory /Users/pavithra/docspot/Eval/src/test/resources
2017-01-17 19:54:40,049 [Worker-111] INFO  o.e.m.c.i.embedder.EclipseLogger - Using 'UTF-8' encoding to copy filtered resources.
2017-01-17 19:54:40,077 [Worker-111] INFO  o.e.m.c.i.embedder.EclipseLogger - skip non existing resourceDirectory /Users/pavithra/docspot/Eval/src/main/resources
2017-01-17 19:54:40,078 [Worker-111] INFO  o.e.m.c.i.embedder.EclipseLogger - Using 'UTF-8' encoding to copy filtered resources.
2017-01-17 19:54:40,078 [Worker-111] INFO  o.e.m.c.i.embedder.EclipseLogger - skip non existing resourceDirectory /Users/pavithra/docspot/Eval/src/test/resources
2017-01-17 19:55:28,899 [Worker-104] INFO  o.e.m.c.i.embedder.EclipseLogger - Using 'UTF-8' encoding to copy filtered resources.
2017-01-17 19:55:28,900 [Worker-104] INFO  o.e.m.c.i.embedder.EclipseLogger - skip non existing resourceDirectory /Users/pavithra/docspot/Eval/src/main/resources
2017-01-17 19:55:28,901 [Worker-104] INFO  o.e.m.c.i.embedder.EclipseLogger - Using 'UTF-8' encoding to copy filtered resources.
2017-01-17 19:55:28,901 [Worker-104] INFO  o.e.m.c.i.embedder.EclipseLogger - skip non existing resourceDirectory /Users/pavithra/docspot/Eval/src/test/resources
2017-01-17 19:55:33,028 [Worker-111] INFO  o.e.m.c.i.embedder.EclipseLogger - Using 'UTF-8' encoding to copy filtered resources.
2017-01-17 19:55:33,028 [Worker-111] INFO  o.e.m.c.i.embedder.EclipseLogger - skip non existing resourceDirectory /Users/pavithra/docspot/Eval/src/main/resources
2017-01-17 19:55:33,029 [Worker-111] INFO  o.e.m.c.i.embedder.EclipseLogger - Using 'UTF-8' encoding to copy filtered resources.
2017-01-17 19:55:33,029 [Worker-111] INFO  o.e.m.c.i.embedder.EclipseLogger - skip non existing resourceDirectory /Users/pavithra/docspot/Eval/src/test/resources
2017-01-17 19:58:11,415 [Worker-104] INFO  o.e.m.c.i.embedder.EclipseLogger - Using 'UTF-8' encoding to copy filtered resources.
2017-01-17 19:58:11,415 [Worker-104] INFO  o.e.m.c.i.embedder.EclipseLogger - skip non existing resourceDirectory /Users/pavithra/docspot/Eval/src/main/resources
2017-01-17 19:58:11,417 [Worker-104] INFO  o.e.m.c.i.embedder.EclipseLogger - Using 'UTF-8' encoding to copy filtered resources.
2017-01-17 19:58:11,417 [Worker-104] INFO  o.e.m.c.i.embedder.EclipseLogger - skip non existing resourceDirectory /Users/pavithra/docspot/Eval/src/test/resources
2017-01-17 19:58:37,402 [Worker-112] INFO  o.e.m.c.i.embedder.EclipseLogger - Using 'UTF-8' encoding to copy filtered resources.
2017-01-17 19:58:37,403 [Worker-112] INFO  o.e.m.c.i.embedder.EclipseLogger - skip non existing resourceDirectory /Users/pavithra/docspot/Eval/src/main/resources
2017-01-17 19:58:37,405 [Worker-112] INFO  o.e.m.c.i.embedder.EclipseLogger - Using 'UTF-8' encoding to copy filtered resources.
2017-01-17 19:58:37,406 [Worker-112] INFO  o.e.m.c.i.embedder.EclipseLogger - skip non existing resourceDirectory /Users/pavithra/docspot/Eval/src/test/resources
2017-01-17 20:03:41,326 [Worker-114] INFO  o.e.m.c.i.embedder.EclipseLogger - Using 'UTF-8' encoding to copy filtered resources.
2017-01-17 20:03:41,326 [Worker-114] INFO  o.e.m.c.i.embedder.EclipseLogger - skip non existing resourceDirectory /Users/pavithra/docspot/Eval/src/main/resources
2017-01-17 20:03:41,327 [Worker-114] INFO  o.e.m.c.i.embedder.EclipseLogger - Using 'UTF-8' encoding to copy filtered resources.
2017-01-17 20:03:41,327 [Worker-114] INFO  o.e.m.c.i.embedder.EclipseLogger - skip non existing resourceDirectory /Users/pavithra/docspot/Eval/src/test/resources
2017-01-17 21:29:46,743 [Worker-142] INFO  o.e.m.c.i.embedder.EclipseLogger - Using 'UTF-8' encoding to copy filtered resources.
2017-01-17 21:29:46,769 [Worker-142] INFO  o.e.m.c.i.embedder.EclipseLogger - skip non existing resourceDirectory /Users/pavithra/docspot/Eval/src/main/resources
2017-01-17 21:29:46,771 [Worker-142] INFO  o.e.m.c.i.embedder.EclipseLogger - Using 'UTF-8' encoding to copy filtered resources.
2017-01-17 21:29:46,771 [Worker-142] INFO  o.e.m.c.i.embedder.EclipseLogger - skip non existing resourceDirectory /Users/pavithra/docspot/Eval/src/test/resources
2017-01-17 21:29:58,599 [Worker-150] INFO  o.e.m.c.i.embedder.EclipseLogger - Using 'UTF-8' encoding to copy filtered resources.
2017-01-17 21:29:58,599 [Worker-150] INFO  o.e.m.c.i.embedder.EclipseLogger - skip non existing resourceDirectory /Users/pavithra/docspot/Eval/src/main/resources
2017-01-17 21:29:58,601 [Worker-150] INFO  o.e.m.c.i.embedder.EclipseLogger - Using 'UTF-8' encoding to copy filtered resources.
2017-01-17 21:29:58,601 [Worker-150] INFO  o.e.m.c.i.embedder.EclipseLogger - skip non existing resourceDirectory /Users/pavithra/docspot/Eval/src/test/resources
2017-01-17 21:30:48,866 [Worker-150] INFO  o.e.m.c.i.embedder.EclipseLogger - Using 'UTF-8' encoding to copy filtered resources.
2017-01-17 21:30:48,867 [Worker-150] INFO  o.e.m.c.i.embedder.EclipseLogger - skip non existing resourceDirectory /Users/pavithra/docspot/Eval/src/main/resources
2017-01-17 21:30:48,869 [Worker-150] INFO  o.e.m.c.i.embedder.EclipseLogger - Using 'UTF-8' encoding to copy filtered resources.
2017-01-17 21:30:48,869 [Worker-150] INFO  o.e.m.c.i.embedder.EclipseLogger - skip non existing resourceDirectory /Users/pavithra/docspot/Eval/src/test/resources
2017-01-17 21:31:23,996 [Worker-148] INFO  o.e.m.c.i.embedder.EclipseLogger - Using 'UTF-8' encoding to copy filtered resources.
2017-01-17 21:31:23,996 [Worker-148] INFO  o.e.m.c.i.embedder.EclipseLogger - skip non existing resourceDirectory /Users/pavithra/docspot/Eval/src/main/resources
2017-01-17 21:31:23,997 [Worker-148] INFO  o.e.m.c.i.embedder.EclipseLogger - Using 'UTF-8' encoding to copy filtered resources.
2017-01-17 21:31:23,997 [Worker-148] INFO  o.e.m.c.i.embedder.EclipseLogger - skip non existing resourceDirectory /Users/pavithra/docspot/Eval/src/test/resources
2017-01-17 21:32:46,426 [Worker-142] INFO  o.e.m.c.i.embedder.EclipseLogger - Using 'UTF-8' encoding to copy filtered resources.
2017-01-17 21:32:46,426 [Worker-142] INFO  o.e.m.c.i.embedder.EclipseLogger - skip non existing resourceDirectory /Users/pavithra/docspot/Eval/src/main/resources
2017-01-17 21:32:46,427 [Worker-142] INFO  o.e.m.c.i.embedder.EclipseLogger - Using 'UTF-8' encoding to copy filtered resources.
2017-01-17 21:32:46,427 [Worker-142] INFO  o.e.m.c.i.embedder.EclipseLogger - skip non existing resourceDirectory /Users/pavithra/docspot/Eval/src/test/resources
2017-01-17 21:33:54,040 [Worker-150] INFO  o.e.m.c.i.embedder.EclipseLogger - Using 'UTF-8' encoding to copy filtered resources.
2017-01-17 21:33:54,040 [Worker-150] INFO  o.e.m.c.i.embedder.EclipseLogger - skip non existing resourceDirectory /Users/pavithra/docspot/Eval/src/main/resources
2017-01-17 21:33:54,041 [Worker-150] INFO  o.e.m.c.i.embedder.EclipseLogger - Using 'UTF-8' encoding to copy filtered resources.
2017-01-17 21:33:54,042 [Worker-150] INFO  o.e.m.c.i.embedder.EclipseLogger - skip non existing resourceDirectory /Users/pavithra/docspot/Eval/src/test/resources
2017-01-17 21:34:06,354 [Worker-142] INFO  o.e.m.c.i.embedder.EclipseLogger - Using 'UTF-8' encoding to copy filtered resources.
2017-01-17 21:34:06,355 [Worker-142] INFO  o.e.m.c.i.embedder.EclipseLogger - skip non existing resourceDirectory /Users/pavithra/docspot/Eval/src/main/resources
2017-01-17 21:34:06,357 [Worker-142] INFO  o.e.m.c.i.embedder.EclipseLogger - Using 'UTF-8' encoding to copy filtered resources.
2017-01-17 21:34:06,357 [Worker-142] INFO  o.e.m.c.i.embedder.EclipseLogger - skip non existing resourceDirectory /Users/pavithra/docspot/Eval/src/test/resources
2017-01-17 21:39:42,081 [Worker-149] INFO  o.e.m.c.i.embedder.EclipseLogger - Using 'UTF-8' encoding to copy filtered resources.
2017-01-17 21:39:42,104 [Worker-149] INFO  o.e.m.c.i.embedder.EclipseLogger - skip non existing resourceDirectory /Users/pavithra/docspot/Eval/src/main/resources
2017-01-17 21:39:42,108 [Worker-149] INFO  o.e.m.c.i.embedder.EclipseLogger - Using 'UTF-8' encoding to copy filtered resources.
2017-01-17 21:39:42,109 [Worker-149] INFO  o.e.m.c.i.embedder.EclipseLogger - skip non existing resourceDirectory /Users/pavithra/docspot/Eval/src/test/resources
2017-01-17 21:47:34,615 [Worker-154] INFO  o.e.m.c.i.embedder.EclipseLogger - Using 'UTF-8' encoding to copy filtered resources.
2017-01-17 21:47:34,677 [Worker-154] INFO  o.e.m.c.i.embedder.EclipseLogger - skip non existing resourceDirectory /Users/pavithra/docspot/Eval/src/main/resources
2017-01-17 21:47:34,679 [Worker-154] INFO  o.e.m.c.i.embedder.EclipseLogger - Using 'UTF-8' encoding to copy filtered resources.
2017-01-17 21:47:34,679 [Worker-154] INFO  o.e.m.c.i.embedder.EclipseLogger - skip non existing resourceDirectory /Users/pavithra/docspot/Eval/src/test/resources
2017-01-17 21:55:00,280 [Worker-149] INFO  o.e.m.c.i.l.LifecycleMappingFactory - Using org.eclipse.m2e.jdt.JarLifecycleMapping lifecycle mapping for MavenProject: com.docspot:Eval:0.0.1-SNAPSHOT @ /Users/pavithra/docspot/Eval/pom.xml.
2017-01-17 21:55:01,592 [Worker-149] INFO  o.e.m.c.i.e.AbstractTransferListenerAdapter - Downloading https://repo.maven.apache.org/maven2/junit/junit/4.12/junit-4.12.pom
2017-01-17 21:55:01,697 [Worker-149] INFO  o.e.m.c.i.e.AbstractTransferListenerAdapter - Downloaded https://repo.maven.apache.org/maven2/junit/junit/4.12/junit-4.12.pom
2017-01-17 21:55:01,906 [Worker-149] INFO  o.e.m.c.i.e.AbstractTransferListenerAdapter - Downloading https://repo.maven.apache.org/maven2/junit/junit/4.12/junit-4.12.jar
2017-01-17 21:55:02,436 [Worker-149] INFO  o.e.m.c.i.e.AbstractTransferListenerAdapter - Downloaded https://repo.maven.apache.org/maven2/junit/junit/4.12/junit-4.12.jar
2017-01-17 21:55:03,774 [Worker-149] INFO  o.e.m.c.i.embedder.EclipseLogger - Using 'UTF-8' encoding to copy filtered resources.
2017-01-17 21:55:03,774 [Worker-149] INFO  o.e.m.c.i.embedder.EclipseLogger - skip non existing resourceDirectory /Users/pavithra/docspot/Eval/src/main/resources
2017-01-17 21:55:03,777 [Worker-149] INFO  o.e.m.c.i.embedder.EclipseLogger - Using 'UTF-8' encoding to copy filtered resources.
2017-01-17 21:55:03,777 [Worker-149] INFO  o.e.m.c.i.embedder.EclipseLogger - skip non existing resourceDirectory /Users/pavithra/docspot/Eval/src/test/resources
2017-01-17 21:55:05,660 [Worker-162] INFO  o.e.m.c.i.embedder.EclipseLogger - Using 'UTF-8' encoding to copy filtered resources.
2017-01-17 21:55:05,661 [Worker-162] INFO  o.e.m.c.i.embedder.EclipseLogger - skip non existing resourceDirectory /Users/pavithra/docspot/Eval/src/main/resources
2017-01-17 21:55:05,662 [Worker-162] INFO  o.e.m.c.i.embedder.EclipseLogger - Using 'UTF-8' encoding to copy filtered resources.
2017-01-17 21:55:05,662 [Worker-162] INFO  o.e.m.c.i.embedder.EclipseLogger - skip non existing resourceDirectory /Users/pavithra/docspot/Eval/src/test/resources
2017-01-17 21:56:33,597 [Worker-156] INFO  o.e.m.c.i.embedder.EclipseLogger - Using 'UTF-8' encoding to copy filtered resources.
2017-01-17 21:56:33,603 [Worker-156] INFO  o.e.m.c.i.embedder.EclipseLogger - skip non existing resourceDirectory /Users/pavithra/docspot/Eval/src/main/resources
2017-01-17 21:56:33,604 [Worker-156] INFO  o.e.m.c.i.embedder.EclipseLogger - Using 'UTF-8' encoding to copy filtered resources.
2017-01-17 21:56:33,605 [Worker-156] INFO  o.e.m.c.i.embedder.EclipseLogger - skip non existing resourceDirectory /Users/pavithra/docspot/Eval/src/test/resources
2017-01-17 21:57:50,462 [Worker-159] INFO  o.e.m.c.i.embedder.EclipseLogger - Using 'UTF-8' encoding to copy filtered resources.
2017-01-17 21:57:50,484 [Worker-159] INFO  o.e.m.c.i.embedder.EclipseLogger - skip non existing resourceDirectory /Users/pavithra/docspot/Eval/src/main/resources
2017-01-17 21:57:50,485 [Worker-159] INFO  o.e.m.c.i.embedder.EclipseLogger - Using 'UTF-8' encoding to copy filtered resources.
2017-01-17 21:57:50,485 [Worker-159] INFO  o.e.m.c.i.embedder.EclipseLogger - skip non existing resourceDirectory /Users/pavithra/docspot/Eval/src/test/resources
2017-01-17 21:59:39,407 [Worker-149] INFO  o.e.m.c.i.embedder.EclipseLogger - Using 'UTF-8' encoding to copy filtered resources.
2017-01-17 21:59:39,433 [Worker-149] INFO  o.e.m.c.i.embedder.EclipseLogger - skip non existing resourceDirectory /Users/pavithra/docspot/Eval/src/main/resources
2017-01-17 21:59:39,434 [Worker-149] INFO  o.e.m.c.i.embedder.EclipseLogger - Using 'UTF-8' encoding to copy filtered resources.
2017-01-17 21:59:39,434 [Worker-149] INFO  o.e.m.c.i.embedder.EclipseLogger - skip non existing resourceDirectory /Users/pavithra/docspot/Eval/src/test/resources
2017-01-17 22:00:19,172 [Worker-163] INFO  o.e.m.c.i.embedder.EclipseLogger - Using 'UTF-8' encoding to copy filtered resources.
2017-01-17 22:00:19,190 [Worker-163] INFO  o.e.m.c.i.embedder.EclipseLogger - skip non existing resourceDirectory /Users/pavithra/docspot/Eval/src/main/resources
2017-01-17 22:00:19,191 [Worker-163] INFO  o.e.m.c.i.embedder.EclipseLogger - Using 'UTF-8' encoding to copy filtered resources.
2017-01-17 22:00:19,191 [Worker-163] INFO  o.e.m.c.i.embedder.EclipseLogger - skip non existing resourceDirectory /Users/pavithra/docspot/Eval/src/test/resources
2017-01-17 22:07:11,332 [Worker-166] INFO  o.e.m.c.i.embedder.EclipseLogger - Using 'UTF-8' encoding to copy filtered resources.
2017-01-17 22:07:11,350 [Worker-166] INFO  o.e.m.c.i.embedder.EclipseLogger - skip non existing resourceDirectory /Users/pavithra/docspot/Eval/src/main/resources
2017-01-17 22:07:11,352 [Worker-166] INFO  o.e.m.c.i.embedder.EclipseLogger - Using 'UTF-8' encoding to copy filtered resources.
2017-01-17 22:07:11,352 [Worker-166] INFO  o.e.m.c.i.embedder.EclipseLogger - skip non existing resourceDirectory /Users/pavithra/docspot/Eval/src/test/resources
2017-01-17 22:09:20,101 [main] INFO  o.e.m2e.actions.ExecutePomAction - Creating new launch configuration
2017-01-17 22:09:30,655 [Worker-165] INFO  o.e.m.i.launch.MavenLaunchDelegate - /Users/pavithra/docspot/Eval
2017-01-17 22:09:30,656 [Worker-165] INFO  o.e.m.i.launch.MavenLaunchDelegate -  mvn -B clean install
2017-01-17 22:12:48,328 [Worker-170] INFO  o.e.m.c.i.p.ProjectConfigurationManager - Collecting project info '/pom.xml' /Users/pavithra/docspot/Junit/pom.xml
2017-01-17 22:12:48,697 [Worker-170] INFO  o.e.m.c.i.l.LifecycleMappingFactory - Using org.eclipse.m2e.jdt.JarLifecycleMapping lifecycle mapping for MavenProject: org.eviac:Junit:0.0.1-SNAPSHOT @ /Users/pavithra/docspot/Junit/pom.xml.
2017-01-17 22:12:48,881 [Worker-170] INFO  o.e.m.j.i.AbstractJavaProjectConfigurator - Adding source folder /Junit/src/main/java
2017-01-17 22:12:48,883 [Worker-170] INFO  o.e.m.j.i.AbstractJavaProjectConfigurator - Adding source folder /Junit/src/test/java
2017-01-17 22:12:49,158 [Worker-170] INFO  o.e.m.c.i.p.ProjectConfigurationManager - Imported and configured 1 project(s) in 0 sec
2017-01-17 22:12:49,664 [Worker-172] INFO  o.e.m.c.i.embedder.EclipseLogger - Using 'UTF-8' encoding to copy filtered resources.
2017-01-17 22:12:49,664 [Worker-172] INFO  o.e.m.c.i.embedder.EclipseLogger - skip non existing resourceDirectory /Users/pavithra/docspot/Junit/src/main/resources
2017-01-17 22:12:49,667 [Worker-172] INFO  o.e.m.c.i.embedder.EclipseLogger - Using 'UTF-8' encoding to copy filtered resources.
2017-01-17 22:12:49,668 [Worker-172] INFO  o.e.m.c.i.embedder.EclipseLogger - skip non existing resourceDirectory /Users/pavithra/docspot/Junit/src/test/resources
2017-01-17 22:13:00,672 [Worker-171] INFO  o.e.m.c.i.embedder.EclipseLogger - Using 'UTF-8' encoding to copy filtered resources.
2017-01-17 22:13:00,672 [Worker-171] INFO  o.e.m.c.i.embedder.EclipseLogger - skip non existing resourceDirectory /Users/pavithra/docspot/Junit/src/main/resources
2017-01-17 22:13:00,673 [Worker-171] INFO  o.e.m.c.i.embedder.EclipseLogger - Using 'UTF-8' encoding to copy filtered resources.
2017-01-17 22:13:00,674 [Worker-171] INFO  o.e.m.c.i.embedder.EclipseLogger - skip non existing resourceDirectory /Users/pavithra/docspot/Junit/src/test/resources
2017-01-17 22:13:07,231 [Worker-172] INFO  o.e.m.c.i.embedder.EclipseLogger - Using 'UTF-8' encoding to copy filtered resources.
2017-01-17 22:13:07,231 [Worker-172] INFO  o.e.m.c.i.embedder.EclipseLogger - skip non existing resourceDirectory /Users/pavithra/docspot/Junit/src/main/resources
2017-01-17 22:13:07,232 [Worker-172] INFO  o.e.m.c.i.embedder.EclipseLogger - Using 'UTF-8' encoding to copy filtered resources.
2017-01-17 22:13:07,232 [Worker-172] INFO  o.e.m.c.i.embedder.EclipseLogger - skip non existing resourceDirectory /Users/pavithra/docspot/Junit/src/test/resources
2017-01-17 22:13:11,931 [Worker-171] INFO  o.e.m.c.i.embedder.EclipseLogger - Using 'UTF-8' encoding to copy filtered resources.
2017-01-17 22:13:11,932 [Worker-171] INFO  o.e.m.c.i.embedder.EclipseLogger - skip non existing resourceDirectory /Users/pavithra/docspot/Eval/src/main/resources
2017-01-17 22:13:11,933 [Worker-171] INFO  o.e.m.c.i.embedder.EclipseLogger - Using 'UTF-8' encoding to copy filtered resources.
2017-01-17 22:13:11,933 [Worker-171] INFO  o.e.m.c.i.embedder.EclipseLogger - skip non existing resourceDirectory /Users/pavithra/docspot/Eval/src/test/resources
2017-01-17 22:13:22,540 [Worker-170] INFO  o.e.m.c.i.embedder.EclipseLogger - Using 'UTF-8' encoding to copy filtered resources.
2017-01-17 22:13:22,540 [Worker-170] INFO  o.e.m.c.i.embedder.EclipseLogger - skip non existing resourceDirectory /Users/pavithra/docspot/Eval/src/main/resources
2017-01-17 22:13:22,541 [Worker-170] INFO  o.e.m.c.i.embedder.EclipseLogger - Using 'UTF-8' encoding to copy filtered resources.
2017-01-17 22:13:22,542 [Worker-170] INFO  o.e.m.c.i.embedder.EclipseLogger - skip non existing resourceDirectory /Users/pavithra/docspot/Eval/src/test/resources
2017-01-17 22:13:40,260 [Worker-164] INFO  o.e.m.c.i.embedder.EclipseLogger - Using 'UTF-8' encoding to copy filtered resources.
2017-01-17 22:13:40,260 [Worker-164] INFO  o.e.m.c.i.embedder.EclipseLogger - skip non existing resourceDirectory /Users/pavithra/docspot/Junit/src/main/resources
2017-01-17 22:13:40,261 [Worker-164] INFO  o.e.m.c.i.embedder.EclipseLogger - Using 'UTF-8' encoding to copy filtered resources.
2017-01-17 22:13:40,261 [Worker-164] INFO  o.e.m.c.i.embedder.EclipseLogger - skip non existing resourceDirectory /Users/pavithra/docspot/Junit/src/test/resources
2017-01-17 22:13:47,179 [Worker-171] INFO  o.e.m.c.i.embedder.EclipseLogger - Using 'UTF-8' encoding to copy filtered resources.
2017-01-17 22:13:47,180 [Worker-171] INFO  o.e.m.c.i.embedder.EclipseLogger - skip non existing resourceDirectory /Users/pavithra/docspot/Junit/src/main/resources
2017-01-17 22:13:47,181 [Worker-171] INFO  o.e.m.c.i.embedder.EclipseLogger - Using 'UTF-8' encoding to copy filtered resources.
2017-01-17 22:13:47,181 [Worker-171] INFO  o.e.m.c.i.embedder.EclipseLogger - skip non existing resourceDirectory /Users/pavithra/docspot/Junit/src/test/resources
2017-01-17 22:14:21,883 [Worker-171] INFO  o.e.m.c.i.embedder.EclipseLogger - Using 'UTF-8' encoding to copy filtered resources.
2017-01-17 22:14:21,883 [Worker-171] INFO  o.e.m.c.i.embedder.EclipseLogger - skip non existing resourceDirectory /Users/pavithra/docspot/Junit/src/main/resources
2017-01-17 22:14:21,884 [Worker-171] INFO  o.e.m.c.i.embedder.EclipseLogger - Using 'UTF-8' encoding to copy filtered resources.
2017-01-17 22:14:21,884 [Worker-171] INFO  o.e.m.c.i.embedder.EclipseLogger - skip non existing resourceDirectory /Users/pavithra/docspot/Junit/src/test/resources
2017-01-17 22:14:32,256 [Worker-171] INFO  o.e.m.c.i.embedder.EclipseLogger - Using 'UTF-8' encoding to copy filtered resources.
2017-01-17 22:14:32,277 [Worker-171] INFO  o.e.m.c.i.embedder.EclipseLogger - skip non existing resourceDirectory /Users/pavithra/docspot/Junit/src/main/resources
2017-01-17 22:14:32,280 [Worker-171] INFO  o.e.m.c.i.embedder.EclipseLogger - Using 'UTF-8' encoding to copy filtered resources.
2017-01-17 22:14:32,280 [Worker-171] INFO  o.e.m.c.i.embedder.EclipseLogger - skip non existing resourceDirectory /Users/pavithra/docspot/Junit/src/test/resources
2017-01-17 22:14:36,111 [Worker-171] INFO  o.e.m.c.i.embedder.EclipseLogger - Using 'UTF-8' encoding to copy filtered resources.
2017-01-17 22:14:36,111 [Worker-171] INFO  o.e.m.c.i.embedder.EclipseLogger - skip non existing resourceDirectory /Users/pavithra/docspot/Junit/src/main/resources
2017-01-17 22:14:36,112 [Worker-171] INFO  o.e.m.c.i.embedder.EclipseLogger - Using 'UTF-8' encoding to copy filtered resources.
2017-01-17 22:14:36,112 [Worker-171] INFO  o.e.m.c.i.embedder.EclipseLogger - skip non existing resourceDirectory /Users/pavithra/docspot/Junit/src/test/resources
2017-01-17 22:15:00,015 [Worker-164] INFO  o.e.m.c.i.embedder.EclipseLogger - Using 'UTF-8' encoding to copy filtered resources.
2017-01-17 22:15:00,015 [Worker-164] INFO  o.e.m.c.i.embedder.EclipseLogger - skip non existing resourceDirectory /Users/pavithra/docspot/Eval/src/main/resources
2017-01-17 22:15:00,016 [Worker-164] INFO  o.e.m.c.i.embedder.EclipseLogger - Using 'UTF-8' encoding to copy filtered resources.
2017-01-17 22:15:00,016 [Worker-164] INFO  o.e.m.c.i.embedder.EclipseLogger - skip non existing resourceDirectory /Users/pavithra/docspot/Eval/src/test/resources
2017-01-17 22:15:41,968 [Worker-172] INFO  o.e.m.c.i.embedder.EclipseLogger - Using 'UTF-8' encoding to copy filtered resources.
2017-01-17 22:15:41,991 [Worker-172] INFO  o.e.m.c.i.embedder.EclipseLogger - skip non existing resourceDirectory /Users/pavithra/docspot/Eval/src/main/resources
2017-01-17 22:15:41,992 [Worker-172] INFO  o.e.m.c.i.embedder.EclipseLogger - Using 'UTF-8' encoding to copy filtered resources.
2017-01-17 22:15:41,992 [Worker-172] INFO  o.e.m.c.i.embedder.EclipseLogger - skip non existing resourceDirectory /Users/pavithra/docspot/Eval/src/test/resources
2017-01-17 22:16:06,720 [Worker-172] INFO  o.e.m.c.i.embedder.EclipseLogger - Using 'UTF-8' encoding to copy filtered resources.
2017-01-17 22:16:06,725 [Worker-172] INFO  o.e.m.c.i.embedder.EclipseLogger - skip non existing resourceDirectory /Users/pavithra/docspot/Eval/src/main/resources
2017-01-17 22:16:06,726 [Worker-172] INFO  o.e.m.c.i.embedder.EclipseLogger - Using 'UTF-8' encoding to copy filtered resources.
2017-01-17 22:16:06,726 [Worker-172] INFO  o.e.m.c.i.embedder.EclipseLogger - skip non existing resourceDirectory /Users/pavithra/docspot/Eval/src/test/resources
2017-01-17 22:17:02,022 [Worker-171] INFO  o.e.m.c.i.embedder.EclipseLogger - Using 'UTF-8' encoding to copy filtered resources.
2017-01-17 22:17:02,037 [Worker-171] INFO  o.e.m.c.i.embedder.EclipseLogger - skip non existing resourceDirectory /Users/pavithra/docspot/Eval/src/main/resources
2017-01-17 22:17:02,039 [Worker-171] INFO  o.e.m.c.i.embedder.EclipseLogger - Using 'UTF-8' encoding to copy filtered resources.
2017-01-17 22:17:02,039 [Worker-171] INFO  o.e.m.c.i.embedder.EclipseLogger - skip non existing resourceDirectory /Users/pavithra/docspot/Eval/src/test/resources
2017-01-17 22:25:30,961 [Worker-171] INFO  o.e.m.c.i.embedder.EclipseLogger - Using 'UTF-8' encoding to copy filtered resources.
2017-01-17 22:25:30,973 [Worker-171] INFO  o.e.m.c.i.embedder.EclipseLogger - skip non existing resourceDirectory /Users/pavithra/docspot/Junit/src/main/resources
2017-01-17 22:25:30,975 [Worker-171] INFO  o.e.m.c.i.embedder.EclipseLogger - Using 'UTF-8' encoding to copy filtered resources.
2017-01-17 22:25:30,975 [Worker-171] INFO  o.e.m.c.i.embedder.EclipseLogger - skip non existing resourceDirectory /Users/pavithra/docspot/Junit/src/test/resources
2017-01-17 22:26:17,741 [Worker-171] INFO  o.e.m.c.i.l.LifecycleMappingFactory - Using org.eclipse.m2e.jdt.JarLifecycleMapping lifecycle mapping for MavenProject: org.eviac:Junit:0.0.1-SNAPSHOT @ /Users/pavithra/docspot/Junit/pom.xml.
2017-01-17 22:26:18,199 [Worker-171] INFO  o.e.m.c.i.embedder.EclipseLogger - Using 'UTF-8' encoding to copy filtered resources.
2017-01-17 22:26:18,199 [Worker-171] INFO  o.e.m.c.i.embedder.EclipseLogger - skip non existing resourceDirectory /Users/pavithra/docspot/Junit/src/main/resources
2017-01-17 22:26:18,200 [Worker-171] INFO  o.e.m.c.i.embedder.EclipseLogger - Using 'UTF-8' encoding to copy filtered resources.
2017-01-17 22:26:18,200 [Worker-171] INFO  o.e.m.c.i.embedder.EclipseLogger - skip non existing resourceDirectory /Users/pavithra/docspot/Junit/src/test/resources
2017-01-17 22:26:19,383 [Worker-175] INFO  o.e.m.c.i.embedder.EclipseLogger - Using 'UTF-8' encoding to copy filtered resources.
2017-01-17 22:26:19,383 [Worker-175] INFO  o.e.m.c.i.embedder.EclipseLogger - skip non existing resourceDirectory /Users/pavithra/docspot/Junit/src/main/resources
2017-01-17 22:26:19,384 [Worker-175] INFO  o.e.m.c.i.embedder.EclipseLogger - Using 'UTF-8' encoding to copy filtered resources.
2017-01-17 22:26:19,385 [Worker-175] INFO  o.e.m.c.i.embedder.EclipseLogger - skip non existing resourceDirectory /Users/pavithra/docspot/Junit/src/test/resources
2017-01-17 22:27:32,517 [Worker-171] INFO  o.e.m.c.i.embedder.EclipseLogger - Using 'UTF-8' encoding to copy filtered resources.
2017-01-17 22:27:32,517 [Worker-171] INFO  o.e.m.c.i.embedder.EclipseLogger - skip non existing resourceDirectory /Users/pavithra/docspot/Junit/src/main/resources
2017-01-17 22:27:32,518 [Worker-171] INFO  o.e.m.c.i.embedder.EclipseLogger - Using 'UTF-8' encoding to copy filtered resources.
2017-01-17 22:27:32,519 [Worker-171] INFO  o.e.m.c.i.embedder.EclipseLogger - skip non existing resourceDirectory /Users/pavithra/docspot/Junit/src/test/resources
2017-01-17 22:37:13,915 [Worker-183] INFO  o.e.m.c.i.embedder.EclipseLogger - Using 'UTF-8' encoding to copy filtered resources.
2017-01-17 22:37:13,926 [Worker-183] INFO  o.e.m.c.i.embedder.EclipseLogger - skip non existing resourceDirectory /Users/pavithra/docspot/Eval/src/main/resources
2017-01-17 22:37:13,928 [Worker-183] INFO  o.e.m.c.i.embedder.EclipseLogger - Using 'UTF-8' encoding to copy filtered resources.
2017-01-17 22:37:13,928 [Worker-183] INFO  o.e.m.c.i.embedder.EclipseLogger - skip non existing resourceDirectory /Users/pavithra/docspot/Eval/src/test/resources
2017-01-17 22:40:49,853 [Worker-185] INFO  o.e.m.c.i.embedder.EclipseLogger - Using 'UTF-8' encoding to copy filtered resources.
2017-01-17 22:40:49,867 [Worker-185] INFO  o.e.m.c.i.embedder.EclipseLogger - skip non existing resourceDirectory /Users/pavithra/docspot/Eval/src/main/resources
2017-01-17 22:40:49,868 [Worker-185] INFO  o.e.m.c.i.embedder.EclipseLogger - Using 'UTF-8' encoding to copy filtered resources.
2017-01-17 22:40:49,868 [Worker-185] INFO  o.e.m.c.i.embedder.EclipseLogger - skip non existing resourceDirectory /Users/pavithra/docspot/Eval/src/test/resources
2017-01-17 22:41:18,740 [Worker-186] INFO  o.e.m.c.i.embedder.EclipseLogger - Using 'UTF-8' encoding to copy filtered resources.
2017-01-17 22:41:18,756 [Worker-186] INFO  o.e.m.c.i.embedder.EclipseLogger - skip non existing resourceDirectory /Users/pavithra/docspot/Eval/src/main/resources
2017-01-17 22:41:18,757 [Worker-186] INFO  o.e.m.c.i.embedder.EclipseLogger - Using 'UTF-8' encoding to copy filtered resources.
2017-01-17 22:41:18,757 [Worker-186] INFO  o.e.m.c.i.embedder.EclipseLogger - skip non existing resourceDirectory /Users/pavithra/docspot/Eval/src/test/resources
2017-01-17 22:41:28,272 [Worker-183] INFO  o.e.m.c.i.embedder.EclipseLogger - Using 'UTF-8' encoding to copy filtered resources.
2017-01-17 22:41:28,272 [Worker-183] INFO  o.e.m.c.i.embedder.EclipseLogger - skip non existing resourceDirectory /Users/pavithra/docspot/Eval/src/main/resources
2017-01-17 22:41:28,272 [Worker-183] INFO  o.e.m.c.i.embedder.EclipseLogger - Using 'UTF-8' encoding to copy filtered resources.
2017-01-17 22:41:28,273 [Worker-183] INFO  o.e.m.c.i.embedder.EclipseLogger - skip non existing resourceDirectory /Users/pavithra/docspot/Eval/src/test/resources
2017-01-17 22:41:48,602 [Worker-183] INFO  o.e.m.c.i.embedder.EclipseLogger - Using 'UTF-8' encoding to copy filtered resources.
2017-01-17 22:41:48,613 [Worker-183] INFO  o.e.m.c.i.embedder.EclipseLogger - skip non existing resourceDirectory /Users/pavithra/docspot/Eval/src/main/resources
2017-01-17 22:41:48,615 [Worker-183] INFO  o.e.m.c.i.embedder.EclipseLogger - Using 'UTF-8' encoding to copy filtered resources.
2017-01-17 22:41:48,615 [Worker-183] INFO  o.e.m.c.i.embedder.EclipseLogger - skip non existing resourceDirectory /Users/pavithra/docspot/Eval/src/test/resources
2017-01-17 22:42:45,398 [Worker-182] INFO  o.e.m.c.i.embedder.EclipseLogger - Using 'UTF-8' encoding to copy filtered resources.
2017-01-17 22:42:45,415 [Worker-182] INFO  o.e.m.c.i.embedder.EclipseLogger - skip non existing resourceDirectory /Users/pavithra/docspot/Eval/src/main/resources
2017-01-17 22:42:45,416 [Worker-182] INFO  o.e.m.c.i.embedder.EclipseLogger - Using 'UTF-8' encoding to copy filtered resources.
2017-01-17 22:42:45,416 [Worker-182] INFO  o.e.m.c.i.embedder.EclipseLogger - skip non existing resourceDirectory /Users/pavithra/docspot/Eval/src/test/resources
2017-01-17 22:43:30,099 [Worker-186] INFO  o.e.m.c.i.embedder.EclipseLogger - Using 'UTF-8' encoding to copy filtered resources.
2017-01-17 22:43:30,116 [Worker-186] INFO  o.e.m.c.i.embedder.EclipseLogger - skip non existing resourceDirectory /Users/pavithra/docspot/Eval/src/main/resources
2017-01-17 22:43:30,117 [Worker-186] INFO  o.e.m.c.i.embedder.EclipseLogger - Using 'UTF-8' encoding to copy filtered resources.
2017-01-17 22:43:30,117 [Worker-186] INFO  o.e.m.c.i.embedder.EclipseLogger - skip non existing resourceDirectory /Users/pavithra/docspot/Eval/src/test/resources
2017-01-17 22:44:27,744 [Worker-186] INFO  o.e.m.c.i.embedder.EclipseLogger - Using 'UTF-8' encoding to copy filtered resources.
2017-01-17 22:44:27,762 [Worker-186] INFO  o.e.m.c.i.embedder.EclipseLogger - skip non existing resourceDirectory /Users/pavithra/docspot/Eval/src/main/resources
2017-01-17 22:44:27,763 [Worker-186] INFO  o.e.m.c.i.embedder.EclipseLogger - Using 'UTF-8' encoding to copy filtered resources.
2017-01-17 22:44:27,764 [Worker-186] INFO  o.e.m.c.i.embedder.EclipseLogger - skip non existing resourceDirectory /Users/pavithra/docspot/Eval/src/test/resources
2017-01-17 22:44:48,902 [Worker-187] INFO  o.e.m.c.i.embedder.EclipseLogger - Using 'UTF-8' encoding to copy filtered resources.
2017-01-17 22:44:48,902 [Worker-187] INFO  o.e.m.c.i.embedder.EclipseLogger - skip non existing resourceDirectory /Users/pavithra/docspot/Eval/src/main/resources
2017-01-17 22:44:48,903 [Worker-187] INFO  o.e.m.c.i.embedder.EclipseLogger - Using 'UTF-8' encoding to copy filtered resources.
2017-01-17 22:44:48,904 [Worker-187] INFO  o.e.m.c.i.embedder.EclipseLogger - skip non existing resourceDirectory /Users/pavithra/docspot/Eval/src/test/resources
2017-01-17 22:50:30,949 [Worker-189] INFO  o.e.m.c.i.embedder.EclipseLogger - Using 'UTF-8' encoding to copy filtered resources.
2017-01-17 22:50:30,966 [Worker-189] INFO  o.e.m.c.i.embedder.EclipseLogger - skip non existing resourceDirectory /Users/pavithra/docspot/Eval/src/main/resources
2017-01-17 22:50:30,967 [Worker-189] INFO  o.e.m.c.i.embedder.EclipseLogger - Using 'UTF-8' encoding to copy filtered resources.
2017-01-17 22:50:30,967 [Worker-189] INFO  o.e.m.c.i.embedder.EclipseLogger - skip non existing resourceDirectory /Users/pavithra/docspot/Eval/src/test/resources
2017-01-17 22:50:30,970 [Worker-189] INFO  o.e.m.c.i.embedder.EclipseLogger - Using 'UTF-8' encoding to copy filtered resources.
2017-01-17 22:50:30,970 [Worker-189] INFO  o.e.m.c.i.embedder.EclipseLogger - skip non existing resourceDirectory /Users/pavithra/docspot/Junit/src/main/resources
2017-01-17 22:50:30,971 [Worker-189] INFO  o.e.m.c.i.embedder.EclipseLogger - Using 'UTF-8' encoding to copy filtered resources.
2017-01-17 22:50:30,971 [Worker-189] INFO  o.e.m.c.i.embedder.EclipseLogger - skip non existing resourceDirectory /Users/pavithra/docspot/Junit/src/test/resources
